INFO 2022-04-18 14:46:58,602 autoreload Watching for file changes with StatReloader
INFO 2022-04-18 14:48:30,530 autoreload C:\MyDoc\IT\MyRepositories\NewsPortal\NewsPaper\news\views.py changed, reloading.
INFO 2022-04-18 14:48:31,748 autoreload Watching for file changes with StatReloader
INFO 2022-04-18 14:50:09,517 autoreload C:\MyDoc\IT\MyRepositories\NewsPortal\NewsPaper\news\views.py changed, reloading.
INFO 2022-04-18 14:50:10,888 autoreload Watching for file changes with StatReloader
INFO 2022-04-18 14:50:22,806 basehttp "GET /news/category/%D0%91%D0%B8%D0%B7%D0%BD%D0%B5%D1%81/ HTTP/1.1" 200 7483
INFO 2022-04-18 14:50:30,583 basehttp "GET /news/category/%D0%9F%D0%BE%D0%BB%D0%B8%D1%82%D0%B8%D0%BA%D0%B0/ HTTP/1.1" 200 7496
INFO 2022-04-18 14:53:16,684 autoreload C:\MyDoc\IT\MyRepositories\NewsPortal\NewsPaper\project_files\settings.py changed, reloading.
INFO 2022-04-18 14:53:17,947 autoreload Watching for file changes with StatReloader
INFO 2022-04-18 14:53:52,932 basehttp "GET /news/category/%D0%9E%D0%B1%D1%89%D0%B5%D1%81%D1%82%D0%B2%D0%BE/ HTTP/1.1" 200 7528
INFO 2022-04-18 14:57:19,728 autoreload C:\MyDoc\IT\MyRepositories\NewsPortal\NewsPaper\news\views.py changed, reloading.
INFO 2022-04-18 14:57:20,960 autoreload Watching for file changes with StatReloader
INFO 2022-04-18 14:57:28,912 autoreload Watching for file changes with StatReloader
INFO 2022-04-18 14:57:37,506 basehttp "GET /news/category/%D0%A1%D0%BF%D0%BE%D1%80%D1%82/ HTTP/1.1" 200 7303
INFO 2022-04-18 14:59:43,283 basehttp "GET /news/category/%D0%9E%D0%B1%D1%89%D0%B5%D1%81%D1%82%D0%B2%D0%BE/ HTTP/1.1" 200 7528
INFO 2022-04-18 15:02:00,179 autoreload C:\MyDoc\IT\MyRepositories\NewsPortal\NewsPaper\news\views.py changed, reloading.
INFO 2022-04-18 15:02:01,454 autoreload Watching for file changes with StatReloader
INFO 2022-04-18 15:02:07,984 autoreload Watching for file changes with StatReloader
INFO 2022-04-18 15:02:13,169 basehttp "GET /news/category/%D0%9E%D0%B1%D1%89%D0%B5%D1%81%D1%82%D0%B2%D0%BE/ HTTP/1.1" 200 7528
INFO 2022-04-18 15:02:19,548 basehttp "GET /accounts/profile/ HTTP/1.1" 200 4513
INFO 2022-04-18 15:02:22,570 basehttp "GET /news/ HTTP/1.1" 200 7537
INFO 2022-04-18 15:02:50,137 basehttp "GET /news/category/%D0%9E%D0%B1%D1%89%D0%B5%D1%81%D1%82%D0%B2%D0%BE/subscribe/ HTTP/1.1" 302 0
INFO 2022-04-18 15:03:07,424 basehttp "GET /news/category/%D0%A1%D0%BF%D0%BE%D1%80%D1%82/ HTTP/1.1" 200 7656
INFO 2022-04-18 15:03:14,930 basehttp "GET /news/category/%D0%A2%D0%B5%D1%85%D0%BD%D0%BE%D0%BB%D0%BE%D0%B3%D0%B8%D0%B8/ HTTP/1.1" 200 7381
INFO 2022-04-18 15:09:29,014 basehttp "GET /news/category/%D0%9E%D0%B1%D1%89%D0%B5%D1%81%D1%82%D0%B2%D0%BE/subscribe/ HTTP/1.1" 302 0
INFO 2022-04-18 15:09:29,062 basehttp "GET /news/category/%D0%9E%D0%B1%D1%89%D0%B5%D1%81%D1%82%D0%B2%D0%BE/ HTTP/1.1" 200 7626
INFO 2022-04-18 15:09:29,086 basehttp "GET /static/css/bootstrap.css HTTP/1.1" 304 0
INFO 2022-04-18 15:09:29,091 basehttp "GET /static/assets/django.png HTTP/1.1" 304 0
INFO 2022-04-18 15:10:44,062 autoreload C:\MyDoc\IT\MyRepositories\NewsPortal\NewsPaper\news\views.py changed, reloading.
INFO 2022-04-18 15:10:45,568 autoreload Watching for file changes with StatReloader
INFO 2022-04-18 15:11:28,369 autoreload C:\MyDoc\IT\MyRepositories\NewsPortal\NewsPaper\project_files\settings.py changed, reloading.
INFO 2022-05-26 19:29:07,031 autoreload Watching for file changes with StatReloader
INFO 2022-05-26 19:29:18,279 basehttp "GET /ru/news/ HTTP/1.1" 200 7539
INFO 2022-05-26 19:29:20,874 basehttp "GET /ru/news/category/politics/ HTTP/1.1" 200 7720
INFO 2022-05-26 19:29:37,018 autoreload /home/mike/Documents/IT/MyRepositories/NewsPortal/NewsPaper/project_files/settings.py changed, reloading.
